[catinthematrix/index.html]
[static.wixstatic.com/media/ca7c48_cc988a8ab06e4345933ef9913eb8d14a_mv2.png/v1/fill/w_192,h_192,lg_1,usm_0.66_1.00_0.01/ca7c48_cc988a8ab06e4345933ef9913eb8d14a_mv2.png]
[static.wixstatic.com/media/ca7c48_cc988a8ab06e4345933ef9913eb8d14a_mv2.png/v1/fill/w_32,h_32,lg_1,usm_0.66_1.00_0.01/ca7c48_cc988a8ab06e4345933ef9913eb8d14a_mv2.png]
[static.wixstatic.com/media/ca7c48_cc988a8ab06e4345933ef9913eb8d14a_mv2.png/v1/fill/w_180,h_180,lg_1,usm_0.66_1.00_0.01/ca7c48_cc988a8ab06e4345933ef9913eb8d14a_mv2.png]
[static.parastorage.com/services/wix-thunderbolt/dist/originTrials.41d7301a.bundle.min.js]
[static.parastorage.com/unpkg/core-js-bundle@3.2.1/minified.js]
[static.parastorage.com/unpkg/focus-within-polyfill@5.0.9/dist/focus-within-polyfill.js]
[backblue.gif]
[fade.gif]
[index.html]
[polyfill-fastly.io/v3/polyfill.mind82c.js]
[static.wixstatic.com/media/ca7c48_22c6f8f2b51f4a3a9fc5177ca0b4dbe3f000.jpg/v1/fill/w_288,h_162,al_c,q_80,usm_0.66_1.00_0.01,blur_2,enc_auto/ca7c48_22c6f8f2b51f4a3a9fc5177ca0b4dbe3f000.jpg]
[static.wixstatic.com/media/ca7c48_cc988a8ab06e4345933ef9913eb8d14a_mv2.png/v1/fill/w_95,h_93,al_c,q_85,usm_0.66_1.00_0.01,enc_auto/CATRIX LOGO.png]
[static.wixstatic.com/media/ca7c48_96cf777221834e2dbabcf95148fe53a0_mv2.png/v1/fill/w_685,h_105,al_c,q_85,usm_0.66_1.00_0.01,enc_auto/.png]
[static.wixstatic.com/media/ca7c48_8f566a73033c4a6c9d6472ba539b42a3_mv2.gif]
[static.wixstatic.com/media/ca7c48_07be29966ef14f87aa527ef0f403b047_mv2.jpg/v1/fill/w_401,h_517,al_c,q_80,usm_0.66_1.00_0.01,enc_auto/ca7c48_07be29966ef14f87aa527ef0f403b047_mv2.jpg]
[static.wixstatic.com/media/ca7c48_c59b0b3d8fa7407ca588c7d6d3f86c1e_mv2.png/v1/crop/x_308,y_0,w_898,h_250/fill/w_113,h_31,al_c,q_85,usm_0.66_1.00_0.01,blur_2,/ca7c48_c59b0b3d8fa7407ca588c7d6d3f86c1e_mv2.png]
[static.wixstatic.com/media/ca7c48_cc988a8ab06e4345933ef9913eb8d14a_mv2.png/v1/fill/w_57,h_57,al_c,q_85,usm_0.66_1.00_0.01,blur_2,enc_auto/ca7c48_cc988a8ab06e4345933ef9913eb8d14a_mv2.png]
[static.wixstatic.com/media/ca7c48_994f4b71a1cf4f09bd7b4221a4c618a2_mv2.png/v1/crop/x_378,y_0,w_715,h_250/fill/w_72,h_25,al_c,q_85,usm_0.66_1.00_0.01,blur_2,e/ca7c48_994f4b71a1cf4f09bd7b4221a4c618a2_mv2.png]
[static.wixstatic.com/media/ca7c48_fb30f7b853884fa2b93d3be2653e90ce_mv2.gif]
[static.wixstatic.com/media/ca7c48_61bdb36c601e486ca854b42986ba3d4d_mv2.gif]
[static.wixstatic.com/media/ca7c48_05c4f5486da2466490b69965bd5d08d2_mv2.jpg/v1/fill/w_107,h_107,al_c,q_80,usm_0.66_1.00_0.01,blur_2,enc_auto/ca7c48_05c4f5486da2466490b69965bd5d08d2_mv2.jpg]
[static.wixstatic.com/media/ca7c48_b3faad5aca454b69a7d5fc38f6d73083_mv2.gif]
[static.wixstatic.com/media/ca7c48_2bd919757bd34ca7bff4755ce977a13d_mv2.png/v1/crop/x_355,y_0,w_783,h_250/fill/w_99,h_32,al_c,q_85,usm_0.66_1.00_0.01,blur_2,e/ca7c48_2bd919757bd34ca7bff4755ce977a13d_mv2.png]
[static.wixstatic.com/media/ca7c48_d2822d62ee7e4a1cadde7d7b726ef7e2_mv2.gif]
[static.wixstatic.com/media/ca7c48_676986cfae47467b8ab8aa5e81c74d9d_mv2.png/v1/fill/w_63,h_25,al_c,q_85,usm_0.66_1.00_0.01,blur_2,enc_auto/ca7c48_676986cfae47467b8ab8aa5e81c74d9d_mv2.png]
[static.wixstatic.com/media/ca7c48_75a386bef8ce4fc7820305b43be56ddb_mv2.png/v1/fill/w_63,h_25,al_c,q_85,usm_0.66_1.00_0.01,blur_2,enc_auto/.png]
[static.wixstatic.com/media/ca7c48_5d1c57c80160460fbdfed4cf81a10e78_mv2.png/v1/fill/w_63,h_25,al_c,q_85,usm_0.66_1.00_0.01,blur_2,enc_auto/.png]
[static.wixstatic.com/media/ca7c48_cacc279e7c73403aa5a597b16011d5d4_mv2.png/v1/fill/w_63,h_25,al_c,q_85,usm_0.66_1.00_0.01,blur_2,enc_auto/solscan_solcloud_pn.png]
[static.wixstatic.com/media/ca7c48_c85e72daa07745eb8cfb3612fb65a198_mv2.png/v1/fill/w_63,h_25,al_c,q_85,usm_0.66_1.00_0.01,blur_2,enc_auto/.png]
[static.wixstatic.com/media/ca7c48_49813fc96a9a42cd91bdb74c90dfc0fb_mv2.png/v1/fill/w_63,h_25,al_c,q_85,usm_0.66_1.00_0.01,blur_2,enc_auto/.png]
[static.wixstatic.com/media/ca7c48_880daaaf73984dac89136bfc0e5816b5_mv2.png/v1/fill/w_63,h_25,al_c,q_85,usm_0.66_1.00_0.01,blur_2,enc_auto/.png]
[static.wixstatic.com/media/ca7c48_36bccc6989814ac889892bd859c4a09d_mv2.png/v1/fill/w_63,h_25,al_c,q_85,usm_0.66_1.00_0.01,blur_2,enc_auto/.png]
[static.wixstatic.com/media/ca7c48_2205074a1d924802bb320368369452e5_mv2.jpg/v1/fill/w_112,h_112,al_c,q_80,usm_0.66_1.00_0.01,blur_2,enc_auto/.jpg]
[static.wixstatic.com/media/ca7c48_3b41171632614ff19baea640f6b56ce3_mv2.jpg/v1/fill/w_112,h_112,al_c,q_80,usm_0.66_1.00_0.01,blur_2,enc_auto/.jpg]
[static.wixstatic.com/media/ca7c48_9e8dc43971204ebf93a75e74444527e2_mv2.gif]
[browser.sentry-cdn.com/6.18.2/bundle.min.js]
[catinthematrix/sitemap.xml]
[catinthematrix/feed.22.delayed]
[catinthematrix/${n.23.delayed]
[static.parastorage.com/services/wix-thunderbolt/dist/thunderbolt-commons.99a5564e.bundle.min.js]
[static.parastorage.com/services/wix-thunderbolt/dist/main.61e6fdf8.bundle.min.js]
[static.parastorage.com/services/wix-thunderbolt/dist/main.renderer.1d21f023.bundle.min.js]
[static.parastorage.com/unpkg/lodash@4.17.21/lodash.min.js]
[static.parastorage.com/unpkg/react@18.2.0/umd/react.production.min.js]
[static.parastorage.com/unpkg/react-dom@18.2.0/umd/react-dom.production.min.js]
[catinthematrix/decodeURIComponent(e.2a.delayed]
[static.parastorage.com/services/tag-manager-client/1.827.0/siteTags.bundle.min.js]
[catinthematrix/index.html]
[catinthematrix/feed.html]
[catinthematrix/${n.html]
[catinthematrix/decodeURIComponent(e.html]
[static.parastorage.com/services/wix-perf-measure/1.1095.0/wix-perf-measure.umd.min.js]
